Removed Pin From Net: NetName=VCC Pin=1k-2
Removed Member From Class: ClassName=Schematic_Phat Member=1k
Added Component: Designator=C3(SR501)
Added Component: Designator=C13(CN1.5)
Added Component: Designator=C14(CN1.5)
Added Component: Designator=C(HDR3)
Added Component: Designator=Cx1(CN-SMD-0805)
Added Component: Designator=Cx2(CN-SMD-0805)
Added Component: Designator=Cx3(CN-SMD-0805)
Added Component: Designator=LED(LED-3MM-RED)
Added Component: Designator=LM7805(TO220-123)
Added Component: Designator=M?(JP4-C2T)
Added Component: Designator=R1(RES-SMD-0805)
Added Component: Designator=R10(RES-SMD-0805)
Added Component: Designator=S2(SPST-2)
Added Component: Designator=SW2(SPST-2)
Added Component: Designator=U1(DIP28)
Added Component: Designator=Vin 9-12V(DOMINO 2- 5mm)
Added Component: Designator=X1(XT2)
Added Net: Name=NetC14_2
Added Net: Name=NetC_1
Added Net: Name=NetC_2
Added Net: Name=NetC_3
Added Net: Name=NetLED_1
Added Net: Name=NetR1_2
