Added Component: Designator=100uF(CA-ALU-2.54)
Added Component: Designator=1000uF(CA-ALU-2.54)
Added Component: Designator=C1(HDR3)
Added Component: Designator=C3(CN1.5)
Added Component: Designator=C4(CN1.5)
Added Component: Designator=C5(SR501)
Added Component: Designator=C13(CN1.5)
Added Component: Designator=C14(CN1.5)
Added Component: Designator=Cx1(CN-SMD-0805)
Added Component: Designator=Cx2(CN-SMD-0805)
Added Component: Designator=Cx3(CN-SMD-0805)
Added Component: Designator=D1(DIO-1A)
Added Component: Designator=D2(DIO-1A)
Added Component: Designator=LED(LED-3MM-RED)
Added Component: Designator=LM7805(TO220-123)
Added Component: Designator=M?(JP4-C2T)
Added Component: Designator=OUT1(DOMINO 2- 5mm)
Added Component: Designator=OUT2(DOMINO 2- 5mm)
Added Component: Designator=Q1(TO92-123)
Added Component: Designator=Q2(TO92-123)
Added Component: Designator=R1(RES-SMD-0805)
Added Component: Designator=R2(RES-SMD-0805)
Added Component: Designator=R3(RES-1/2W)
Added Component: Designator=R4(RES-SMD-0805)
Added Component: Designator=R5(RES-1/2W)
Added Component: Designator=R10(RES-SMD-0805)
Added Component: Designator=RL1(RELAY 5)
Added Component: Designator=RL2(RELAY 5)
Added Component: Designator=S2(SPST-2)
Added Component: Designator=SW2(SPST-2)
Added Component: Designator=U2(DIP28)
Added Component: Designator=Vin 9-12V(DOMINO 2- 5mm)
Added Component: Designator=X2(XT2)
Added Pin To Net: NetName=VCC Pin=100uF-1
Added Pin To Net: NetName=GND Pin=100uF-2
Added Pin To Net: NetName=Net1000uF_1 Pin=1000uF-1
Added Pin To Net: NetName=GND Pin=1000uF-2
Added Pin To Net: NetName=NetC1_1 Pin=C1-1
Added Pin To Net: NetName=NetC1_2 Pin=C1-2
Added Pin To Net: NetName=NetC1_3 Pin=C1-3
Added Pin To Net: NetName=NetC3_1 Pin=C3-1
Added Pin To Net: NetName=GND Pin=C3-2
Added Pin To Net: NetName=NetC4_1 Pin=C4-1
Added Pin To Net: NetName=GND Pin=C4-2
Added Net: Name=I/O_1
Added Net: Name=I/O_2
Added Net: Name=IQR
Added Net: Name=NetD1_1
Added Net: Name=NetD2_1
Added Net: Name=NetOUT1_1
Added Net: Name=NetOUT1_2
Added Net: Name=NetOUT2_1
Added Net: Name=NetOUT2_2
Added Net: Name=NetQ1_3
Added Net: Name=NetQ2_3
Added Net: Name=NetR3_1
Added Net: Name=NetR5_1
Added Member To Class: ClassName=Schematic_Phat Member=Component 100uF CN-ALU-DIP
Added Member To Class: ClassName=Schematic_Phat Member=Component 1000uF CN-ALU-DIP
Added Member To Class: ClassName=Schematic_Phat Member=Component C1 Header3
Added Member To Class: ClassName=Schematic_Phat Member=Component C3 22pF
Added Member To Class: ClassName=Schematic_Phat Member=Component C4 22pF
Added Room: Name=Schematic_Phat
