Removed Pin From Net: NetName=GND Pin=C1-2
Removed Pin From Net: NetName=GND Pin=C2-2
Removed Member From Class: ClassName=Schematic_Phat Member=C2
Change Component DesignItemId : Designator=C1 Old DesignItemId=CN New DesignItemId=Header3
Change Component Footprint: Designator=C1 Old Footprint=CN1.5 New Footprint=HDR3
Change Component Comment : Designator=C1 Old Comment=22pF New Comment=Header3
Added Component: Designator=C3(CN1.5)
Added Component: Designator=C4(CN1.5)
Added Component: Designator=C5(SR501)
Added Component: Designator=C13(CN1.5)
Added Component: Designator=C14(CN1.5)
Added Component: Designator=Cx1(CN-SMD-0805)
Added Component: Designator=Cx2(CN-SMD-0805)
Added Component: Designator=Cx3(CN-SMD-0805)
Added Component: Designator=LED(LED-3MM-RED)
Added Component: Designator=LM7805(TO220-123)
Added Component: Designator=M1(JP4-C2T)
Added Component: Designator=R1(RES-SMD-0805)
Added Component: Designator=R10(RES-SMD-0805)
Added Component: Designator=S2(SPST-2)
Added Component: Designator=SW2(SPST-2)
Added Component: Designator=U2(DIP28)
Added Component: Designator=Vin 9-12V(DOMINO 2- 5mm)
Added Component: Designator=X2(XT2)
Added Pin To Net: NetName=GND Pin=C3-2
Added Pin To Net: NetName=GND Pin=C4-2
Added Pin To Net: NetName=NetC1_2 Pin=C1-2
Added Net: Name=NetC1_2
Added Pin To Net: NetName=NetC1_3 Pin=C1-3
Added Net: Name=NetC1_3
Added Pin To Net: NetName=NetC3_1 Pin=C3-1
Added Net: Name=NetC3_1
Added Pin To Net: NetName=NetC4_1 Pin=C4-1
Added Net: Name=NetC4_1
Added Member To Class: ClassName=Schematic_Phat Member=Component C3 22pF
Added Member To Class: ClassName=Schematic_Phat Member=Component C4 22pF
Added Room: Name=Schematic_Phat
