Added Component: Designator=1Meg(RES-1/4W)
Added Component: Designator=C1(CAPR5-4X5)
Added Component: Designator=C2(CAPR5-4X5)
Added Component: Designator=C3(CN1.5)
Added Component: Designator=C4(CN1.5)
Added Component: Designator=C5(CN1.5)
Added Component: Designator=C6(CN1.5)
Added Component: Designator=C7(CAPR5-4X5)
Added Component: Designator=C8(CAPR5-4X5)
Added Component: Designator=C9(CAPR5-4X5)
Added Component: Designator=Q1(QTO-92)
Added Component: Designator=Q2(QTO-92)
Added Component: Designator=R2(RES-1/2W)
Added Component: Designator=R3(RES-1/4W)
Added Component: Designator=R4(RES-1/4W)
Added Component: Designator=R5(RES-1/4W)
Added Component: Designator=R6(RES-1/4W)
Added Component: Designator=R7(RES-1/4W)
Added Component: Designator=R8(RES-1/4W)
Added Component: Designator=R9(RES-1/4W)
Added Component: Designator=R10(RES-1/4W)
Added Component: Designator=Vcc(DOMINO 2- 5mm)
Added Component: Designator=Vin(DOMINO 2- 5mm)
Added Component: Designator=Vout(DOMINO 2- 5mm)
Added Component: Designator=VR1(VR-D1)
Added Component: Designator=VR2(VR-D1)
Added Pin To Net: NetName=GND Pin=C4-1
Added Pin To Net: NetName=GND Pin=C9-2
Added Pin To Net: NetName=GND Pin=R2-2
Added Pin To Net: NetName=GND Pin=R4-2
Added Pin To Net: NetName=GND Pin=R8-2
Added Pin To Net: NetName=GND Pin=Vcc-2
Added Pin To Net: NetName=GND Pin=Vin-2
Added Pin To Net: NetName=GND Pin=Vout-2
Added Net: Name=GND
Added Pin To Net: NetName=Net1Meg_1 Pin=1Meg-1
Added Pin To Net: NetName=Net1Meg_1 Pin=C2-1
Added Pin To Net: NetName=Net1Meg_1 Pin=Q1-2
Added Pin To Net: NetName=Net1Meg_1 Pin=R9-2
Added Net: Name=Net1Meg_1
Added Pin To Net: NetName=Net1Meg_2 Pin=1Meg-2
Added Pin To Net: NetName=Net1Meg_2 Pin=C1-1
Added Pin To Net: NetName=Net1Meg_2 Pin=Q1-3
Added Net: Name=Net1Meg_2
Added Pin To Net: NetName=NetC1_2 Pin=C1-2
Added Pin To Net: NetName=NetC1_2 Pin=Vin-1
Added Net: Name=NetC1_2
Added Pin To Net: NetName=NetC2_2 Pin=C2-2
Added Pin To Net: NetName=NetC2_2 Pin=C3-2
Added Pin To Net: NetName=NetC2_2 Pin=R3-1
Added Net: Name=NetC2_2
Added Pin To Net: NetName=NetC3_1 Pin=C3-1
Added Pin To Net: NetName=NetC3_1 Pin=VR1-4
Added Net: Name=NetC3_1
Added Pin To Net: NetName=NetC4_2 Pin=C4-2
Added Pin To Net: NetName=NetC4_2 Pin=VR1-6
Added Net: Name=NetC4_2
Added Pin To Net: NetName=NetC5_1 Pin=C5-1
Added Pin To Net: NetName=NetC5_1 Pin=R3-2
Added Pin To Net: NetName=NetC5_1 Pin=VR2-4
Added Net: Name=NetC5_1
Added Pin To Net: NetName=NetC5_2 Pin=C5-2
Added Pin To Net: NetName=NetC5_2 Pin=C6-2
Added Pin To Net: NetName=NetC5_2 Pin=R5-2
Added Pin To Net: NetName=NetC5_2 Pin=VR2-5
Added Net: Name=NetC5_2
Added Pin To Net: NetName=NetC6_1 Pin=C6-1
Added Pin To Net: NetName=NetC6_1 Pin=C7-2
Added Pin To Net: NetName=NetC6_1 Pin=R4-1
Added Pin To Net: NetName=NetC6_1 Pin=R5-1
Added Pin To Net: NetName=NetC6_1 Pin=VR1-5
Added Pin To Net: NetName=NetC6_1 Pin=VR2-6
Added Net: Name=NetC6_1
Added Pin To Net: NetName=NetC7_1 Pin=C7-1
Added Pin To Net: NetName=NetC7_1 Pin=Q2-3
Added Pin To Net: NetName=NetC7_1 Pin=R6-2
Added Net: Name=NetC7_1
Added Pin To Net: NetName=NetC8_1 Pin=C8-1
Added Pin To Net: NetName=NetC8_1 Pin=Q2-2
Added Pin To Net: NetName=NetC8_1 Pin=R6-1
Added Pin To Net: NetName=NetC8_1 Pin=R7-2
Added Net: Name=NetC8_1
Added Pin To Net: NetName=NetC8_2 Pin=C8-2
Added Pin To Net: NetName=NetC8_2 Pin=Vout-1
Added Net: Name=NetC8_2
Added Pin To Net: NetName=NetC9_1 Pin=C9-1
Added Pin To Net: NetName=NetC9_1 Pin=R7-1
Added Pin To Net: NetName=NetC9_1 Pin=R9-1
Added Pin To Net: NetName=NetC9_1 Pin=R10-2
Added Net: Name=NetC9_1
Added Pin To Net: NetName=NetQ1_1 Pin=Q1-1
Added Pin To Net: NetName=NetQ1_1 Pin=R2-1
Added Net: Name=NetQ1_1
Added Pin To Net: NetName=NetQ2_1 Pin=Q2-1
Added Pin To Net: NetName=NetQ2_1 Pin=R8-1
Added Net: Name=NetQ2_1
Added Pin To Net: NetName=NetR10_1 Pin=R10-1
Added Pin To Net: NetName=NetR10_1 Pin=Vcc-1
Added Net: Name=NetR10_1
Added Class: Name=Sche_1
Added Room: Name=Sche_1
