Added Component: Designator=M2(NRF24L01)
Added Component: Designator=OUT1(Header2)
Added Component: Designator=OUT2(Header2)
Added Component: Designator=Q1(TO92-123)
Added Component: Designator=Q2(TO92-123)
Added Component: Designator=R1(RES-1/2W)
Added Component: Designator=R2(RES-1/2W)
Added Component: Designator=R3(RES-1/2W)
Added Component: Designator=R4(RES-1/2W)
Added Component: Designator=R5(RES-1/2W)
Added Component: Designator=RL1(RELAY 5)
Added Component: Designator=RL2(RELAY 5)
Added Component: Designator=SW2(SW1-DIP)
Added Component: Designator=U2(DIP28)
Added Component: Designator=Vin(Header2)
Added Component: Designator=X2(XT2)
Added Pin To Net: NetName=NetOUT1_1 Pin=OUT1-1
Added Pin To Net: NetName=NetLED1_2 Pin=OUT1-2
Added Pin To Net: NetName=NetOUT2_1 Pin=OUT2-1
Added Pin To Net: NetName=NetLED2_2 Pin=OUT2-2
Added Pin To Net: NetName=GND Pin=Q1-1
Added Pin To Net: NetName=NetD1_1 Pin=Q1-2
Added Pin To Net: NetName=NetQ1_3 Pin=Q1-3
Added Pin To Net: NetName=GND Pin=Q2-1
Added Pin To Net: NetName=NetD2_1 Pin=Q2-2
Added Pin To Net: NetName=NetQ2_3 Pin=Q2-3
Added Pin To Net: NetName=NetC1_1 Pin=R1-1
Added Pin To Net: NetName=NetCx2_1 Pin=R1-2
Added Pin To Net: NetName=NetQ1_3 Pin=R2-1
Added Pin To Net: NetName=I/O_1 Pin=R2-2
Added Pin To Net: NetName=NetR3_1 Pin=R3-1
Added Pin To Net: NetName=NetLED1_1 Pin=R3-2
Added Pin To Net: NetName=NetQ2_3 Pin=R4-1
Added Pin To Net: NetName=I/O_2 Pin=R4-2
Added Pin To Net: NetName=NetR5_1 Pin=R5-1
Added Pin To Net: NetName=NetLED2_1 Pin=R5-2
Added Pin To Net: NetName=NetOUT1_1 Pin=RL1-2
Added Pin To Net: NetName=NetR3_1 Pin=RL1-3
Added Pin To Net: NetName=NetD1_1 Pin=RL1-4
Added Pin To Net: NetName=VCC Pin=RL1-5
Added Pin To Net: NetName=NetOUT2_1 Pin=RL2-2
Added Pin To Net: NetName=NetR5_1 Pin=RL2-3
Added Pin To Net: NetName=NetD2_1 Pin=RL2-4
Added Pin To Net: NetName=VCC Pin=RL2-5
Added Pin To Net: NetName=NetC1_1 Pin=SW2-1
Added Pin To Net: NetName=GND Pin=SW2-2
Added Pin To Net: NetName=NetC1_1 Pin=U2-1
Added Pin To Net: NetName=NetC1_2 Pin=U2-2
Added Pin To Net: NetName=NetC1_3 Pin=U2-3
Added Pin To Net: NetName=NetCx1_1 Pin=U2-7
Added Pin To Net: NetName=GND Pin=U2-8
Added Pin To Net: NetName=NetC3_1 Pin=U2-9
Added Pin To Net: NetName=NetC4_1 Pin=U2-10
Added Pin To Net: NetName=I/O_1 Pin=U2-11
Added Pin To Net: NetName=I/O_2 Pin=U2-13
Added Pin To Net: NetName=IQR Pin=U2-14
Added Pin To Net: NetName=CE Pin=U2-15
Added Pin To Net: NetName=CSN Pin=U2-16
Added Pin To Net: NetName=MOSI Pin=U2-17
Added Pin To Net: NetName=MISO Pin=U2-18
Added Pin To Net: NetName=SCK Pin=U2-19
Added Pin To Net: NetName=GND Pin=U2-22
Added Pin To Net: NetName=GND Pin=Vin-1
Added Pin To Net: NetName=Net1000uF_1 Pin=Vin-2
Added Pin To Net: NetName=NetC4_1 Pin=X2-1
Added Pin To Net: NetName=NetC3_1 Pin=X2-2
Added Member To Class: ClassName=Schematic_Thu Member=Component OUT1 12V
Added Member To Class: ClassName=Schematic_Thu Member=Component OUT2 12V
Added Member To Class: ClassName=Schematic_Thu Member=Component Q1 2SC1815
Added Member To Class: ClassName=Schematic_Thu Member=Component Q2 2SC1815
Added Member To Class: ClassName=Schematic_Thu Member=Component R1 10k
Added Member To Class: ClassName=Schematic_Thu Member=Component R2 10k
Added Member To Class: ClassName=Schematic_Thu Member=Component R3 1k
Added Member To Class: ClassName=Schematic_Thu Member=Component R4 10k
Added Member To Class: ClassName=Schematic_Thu Member=Component R5 1k
Added Member To Class: ClassName=Schematic_Thu Member=Component RL1 Relay 10A/5V
Added Member To Class: ClassName=Schematic_Thu Member=Component RL2 Relay 10A/5V
Added Member To Class: ClassName=Schematic_Thu Member=Component SW2 SW
Added Member To Class: ClassName=Schematic_Thu Member=Component U2 ATmega328-PU
Added Member To Class: ClassName=Schematic_Thu Member=Component Vin 9-12VDC
Added Member To Class: ClassName=Schematic_Thu Member=Component X2 16Mhz
Added Room: Name=Schematic_Thu
