Removed Pin From Net: NetName=NetC1_1 Pin=C1-1
Removed Member From Class: ClassName=Schematic_Thu Member=C1
Added Component: Designator=JP(Header8)
Added Pin To Net: NetName=GND Pin=Cx2-1
Added Pin To Net: NetName=NetC1_1 Pin=JP-1
Added Pin To Net: NetName=VCC Pin=JP-7
Added Pin To Net: NetName=GND Pin=JP-8
Added Pin To Net: NetName=VCC Pin=R1-1
Change Net Name : Old Net Name=NetC1_1 New Net Name=NetJP_1
Added Pin To Net: NetName=5 Pin=JP-5
Added Pin To Net: NetName=5 Pin=U2-5
Added Net: Name=5
Added Pin To Net: NetName=NetJP_2 Pin=JP-2
Added Pin To Net: NetName=NetJP_2 Pin=U2-2
Added Net: Name=NetJP_2
Added Pin To Net: NetName=NetJP_3 Pin=JP-3
Added Pin To Net: NetName=NetJP_3 Pin=U2-3
Added Net: Name=NetJP_3
Added Pin To Net: NetName=NetJP_4 Pin=JP-4
Added Pin To Net: NetName=NetJP_4 Pin=U2-4
Added Net: Name=NetJP_4
Added Pin To Net: NetName=NetJP_6 Pin=JP-6
Added Pin To Net: NetName=NetJP_6 Pin=U2-6
Added Net: Name=NetJP_6
Added Member To Class: ClassName=Schematic_Thu Member=Component JP JP8
Added Room: Name=Schematic_Thu
