Added Component: Designator=1k(RES-1/2W)
Added Component: Designator=100uF(CA-ALU-2.54)
Added Component: Designator=1000uF(CA-ALU-2.54)
Added Component: Designator=C1(HDR3)
Added Component: Designator=C3(CN1.5)
Added Component: Designator=C4(CN1.5)
Added Component: Designator=C13(CN1.5)
Added Component: Designator=C14(CN1.5)
Added Component: Designator=Cx1(CN-SMD-0805)
Added Component: Designator=Cx2(CN-SMD-0805)
Added Component: Designator=Cx3(CN-SMD-0805)
Added Component: Designator=D1(DIO-1A)
Added Component: Designator=D2(DIO-1A)
Added Component: Designator=LED1(LED 3512)
Added Component: Designator=LED2(LED 3512)
Added Component: Designator=LED(LED-3MM-RED)
Added Component: Designator=LM7805(TO220-123)
Added Component: Designator=M2(NRF24L01)
Added Component: Designator=OUT1(Header2)
Added Component: Designator=OUT2(Header2)
Added Component: Designator=Q1(TO92-123)
Added Component: Designator=Q2(TO92-123)
Added Component: Designator=R1(RES-1/2W)
Added Component: Designator=R2(RES-1/2W)
Added Component: Designator=R3(RES-1/2W)
Added Component: Designator=R4(RES-1/2W)
Added Component: Designator=R5(RES-1/2W)
Added Component: Designator=RL1(RELAY 5)
Added Component: Designator=RL2(RELAY 5)
Added Component: Designator=SW2(SW1-DIP)
Added Component: Designator=U2(DIP28)
Added Component: Designator=Vin(Header2)
Added Component: Designator=X2(XT2)
Added Net: Name=CE
Added Net: Name=CSN
Added Pin To Net: NetName=GND Pin=100uF-2
Added Pin To Net: NetName=GND Pin=1000uF-2
Added Pin To Net: NetName=GND Pin=C3-2
Added Pin To Net: NetName=GND Pin=C4-2
Added Pin To Net: NetName=GND Pin=C13-2
Added Pin To Net: NetName=GND Pin=C14-1
Added Pin To Net: NetName=GND Pin=LED-2
Added Pin To Net: NetName=GND Pin=LM7805-2
Added Net: Name=GND
Added Net: Name=I/O_1
Added Net: Name=I/O_2
Added Net: Name=IQR
Added Net: Name=MISO
Added Net: Name=MOSI
Added Pin To Net: NetName=Net1k_1 Pin=1k-1
Added Pin To Net: NetName=Net1k_1 Pin=LED-1
Added Net: Name=Net1k_1
Added Pin To Net: NetName=Net1000uF_1 Pin=1000uF-1
Added Pin To Net: NetName=Net1000uF_1 Pin=C13-1
Added Pin To Net: NetName=Net1000uF_1 Pin=LM7805-1
Added Net: Name=Net1000uF_1
Added Pin To Net: NetName=NetC1_1 Pin=C1-1
Added Net: Name=NetC1_1
Added Pin To Net: NetName=NetC1_2 Pin=C1-2
Added Net: Name=NetC1_2
Added Pin To Net: NetName=NetC1_3 Pin=C1-3
Added Net: Name=NetC1_3
Added Pin To Net: NetName=NetC3_1 Pin=C3-1
Added Net: Name=NetC3_1
Added Pin To Net: NetName=NetC4_1 Pin=C4-1
Added Net: Name=NetC4_1
Added Pin To Net: NetName=NetCx1_1 Pin=Cx1-1
Added Net: Name=NetCx1_1
Added Pin To Net: NetName=NetCx2_1 Pin=Cx2-1
Added Net: Name=NetCx2_1
Added Pin To Net: NetName=NetCx3_1 Pin=Cx3-1
Added Net: Name=NetCx3_1
Added Pin To Net: NetName=NetD1_1 Pin=D1-1
Added Net: Name=NetD1_1
Added Pin To Net: NetName=NetD2_1 Pin=D2-1
Added Net: Name=NetD2_1
Added Pin To Net: NetName=NetLED1_1 Pin=LED1-1
Added Net: Name=NetLED1_1
Added Pin To Net: NetName=NetLED1_2 Pin=LED1-2
Added Net: Name=NetLED1_2
Added Pin To Net: NetName=NetLED2_1 Pin=LED2-1
Added Net: Name=NetLED2_1
Added Pin To Net: NetName=NetLED2_2 Pin=LED2-2
Added Net: Name=NetLED2_2
Added Net: Name=NetOUT1_1
Added Net: Name=NetOUT2_1
Added Net: Name=NetQ1_3
Added Net: Name=NetQ2_3
Added Net: Name=NetR3_1
Added Net: Name=NetR5_1
Added Net: Name=SCK
Added Pin To Net: NetName=VCC Pin=1k-2
Added Pin To Net: NetName=VCC Pin=100uF-1
Added Pin To Net: NetName=VCC Pin=C14-2
Added Pin To Net: NetName=VCC Pin=Cx1-2
Added Pin To Net: NetName=VCC Pin=Cx2-2
Added Pin To Net: NetName=VCC Pin=Cx3-2
Added Pin To Net: NetName=VCC Pin=D1-2
Added Pin To Net: NetName=VCC Pin=D2-2
Added Pin To Net: NetName=VCC Pin=LM7805-3
Added Net: Name=VCC
Added Class: Name=Schematic_Thu
Added Room: Name=Schematic_Thu
