Removed Pin From Net: NetName=V1 Pin=C10-1
Removed Pin From Net: NetName=GND Pin=Q3-1
Removed Pin From Net: NetName=NetC10_2 Pin=Q3-3
Removed Pin From Net: NetName=NetC11_1 Pin=R11-2
Removed Pin From Net: NetName=VCC Pin=R12-1
Removed Pin From Net: NetName=NetD1_1 Pin=R12-2
Removed Pin From Net: NetName=NetC10_2 Pin=VR3-2
Change Component Comment : Designator=R7 Old Comment=10K New Comment=15K
Change Component Comment : Designator=R3 Old Comment=12K New Comment=10K
Change Component Comment : Designator=R8 Old Comment=120 New Comment=470
Change Component Comment : Designator=R11 Old Comment=220 New Comment=15K
Change Component Comment : Designator=R12 Old Comment=220 New Comment=15K
Added Component: Designator=R13(RES-1/4W)
Added Component: Designator=R14(RES-1/4W)
Added Component: Designator=R15(RES-1/4W)
Added Component: Designator=R16(RES-1/4W)
Added Pin To Net: NetName=NetC10_2 Pin=Q3-1
Added Pin To Net: NetName=VCC Pin=Q3-2
Added Pin To Net: NetName=V1 Pin=Q3-3
Added Pin To Net: NetName=VCC Pin=R11-1
Added Pin To Net: NetName=V1 Pin=R11-2
Added Pin To Net: NetName=V1 Pin=R12-1
Added Pin To Net: NetName=GND Pin=R12-2
Added Pin To Net: NetName=NetC10_2 Pin=R13-1
Added Pin To Net: NetName=GND Pin=R13-2
Added Pin To Net: NetName=GND Pin=R14-2
Added Pin To Net: NetName=VCC Pin=R12-1
Added Pin To Net: NetName=NetD1_1 Pin=R12-2
Added Pin To Net: NetName=GND Pin=R16-2
Added Pin To Net: NetName=NetC11_1 Pin=VR3-3
Added Pin To Net: NetName=NetC10_1 Pin=C10-1
Added Pin To Net: NetName=NetC10_1 Pin=D2-2
Added Pin To Net: NetName=NetC10_1 Pin=QB2-1
Added Pin To Net: NetName=NetC10_1 Pin=R14-1
Added Pin To Net: NetName=NetC10_1 Pin=R16-1
Added Pin To Net: NetName=NetC10_1 Pin=VR3-2
Added Net: Name=NetC10_1
Added Member To Class: ClassName=Sche Member=Component R13 220
Added Member To Class: ClassName=Sche Member=Component R14 22k
Added Member To Class: ClassName=Sche Member=Component R15 1k
Added Member To Class: ClassName=Sche Member=Component R16 1k
Added Room: Name=Sche
