Added Component: Designator=C1(CAPR5-4X5)
Added Component: Designator=C2(CAPR5-4X5)
Added Component: Designator=C3(CN1.5)
Added Component: Designator=C4(CN1.5)
Added Component: Designator=C5(CN1.5)
Added Component: Designator=C6(CN1.5)
Added Component: Designator=C7(CAPR5-4X5)
Added Component: Designator=C8(CAPR5-4X5)
Added Component: Designator=C9(CAPR5-4X5)
Added Component: Designator=C10(CAPR5-4X5)
Added Component: Designator=C11(CAPR5-4X5)
Added Component: Designator=D1(DIO-1A)
Added Component: Designator=D2(DIO-1A)
Added Component: Designator=Q1(QTO-92)
Added Component: Designator=Q2(QTO-92)
Added Component: Designator=Q3(QTO-92)
Added Component: Designator=QB1(TO247h)
Added Component: Designator=QB2(TO247h)
Added Component: Designator=R1(RES-SMD-0805)
Added Component: Designator=R2(RES-SMD-0805)
Added Component: Designator=R3(RES-SMD-0805)
Added Component: Designator=R4(RES-SMD-0805)
Added Component: Designator=R5(RES-SMD-0805)
Added Component: Designator=R6(RES-SMD-0805)
Added Component: Designator=R7(RES-SMD-0805)
Added Component: Designator=R8(RES-SMD-0805)
Added Component: Designator=R9(RES-SMD-0805)
Added Component: Designator=R10(RES-SMD-0805)
Added Component: Designator=R11(RES-SMD-0805)
Added Component: Designator=R12(RES-SMD-0805)
Added Component: Designator=R13(RES-SMD-0805)
Added Component: Designator=R14(RES-SMD-0805)
Added Component: Designator=R15(RES-SMD-0805)
Added Component: Designator=R16(RES-SMD-0805)
Added Component: Designator=Vcc(DOMINO 2- 5mm)
Added Component: Designator=Vin(DOMINO 2- 5mm)
Added Component: Designator=Vout(DOMINO 2- 5mm)
Added Component: Designator=VR1(VR-S1)
Added Component: Designator=VR2(VR-S1)
Added Component: Designator=VR3(VR-S1)
Added Pin To Net: NetName=GND Pin=C4-1
Added Pin To Net: NetName=GND Pin=C9-2
Added Pin To Net: NetName=GND Pin=QB2-2
Added Pin To Net: NetName=GND Pin=R2-2
Added Pin To Net: NetName=GND Pin=R4-2
Added Pin To Net: NetName=GND Pin=R8-2
Added Pin To Net: NetName=GND Pin=R12-2
Added Pin To Net: NetName=GND Pin=R13-2
Added Pin To Net: NetName=GND Pin=R14-2
Added Pin To Net: NetName=GND Pin=R16-2
Added Pin To Net: NetName=GND Pin=Vcc-2
Added Pin To Net: NetName=GND Pin=Vin-2
Added Pin To Net: NetName=GND Pin=Vout-2
Added Net: Name=GND
Added Pin To Net: NetName=NetC1_1 Pin=C1-1
Added Pin To Net: NetName=NetC1_1 Pin=Q1-3
Added Pin To Net: NetName=NetC1_1 Pin=R1-2
Added Net: Name=NetC1_1
Added Pin To Net: NetName=NetC1_2 Pin=C1-2
Added Pin To Net: NetName=NetC1_2 Pin=Vin-1
Added Net: Name=NetC1_2
Added Pin To Net: NetName=NetC2_1 Pin=C2-1
Added Pin To Net: NetName=NetC2_1 Pin=Q1-2
Added Pin To Net: NetName=NetC2_1 Pin=R1-1
Added Pin To Net: NetName=NetC2_1 Pin=R9-2
Added Net: Name=NetC2_1
Added Pin To Net: NetName=NetC2_2 Pin=C2-2
Added Pin To Net: NetName=NetC2_2 Pin=C3-2
Added Pin To Net: NetName=NetC2_2 Pin=R3-1
Added Net: Name=NetC2_2
Added Pin To Net: NetName=NetC3_1 Pin=C3-1
Added Pin To Net: NetName=NetC3_1 Pin=VR1-1
Added Net: Name=NetC3_1
Added Pin To Net: NetName=NetC4_2 Pin=C4-2
Added Pin To Net: NetName=NetC4_2 Pin=VR1-3
Added Net: Name=NetC4_2
Added Pin To Net: NetName=NetC5_1 Pin=C5-1
Added Pin To Net: NetName=NetC5_1 Pin=R3-2
Added Pin To Net: NetName=NetC5_1 Pin=VR2-1
Added Net: Name=NetC5_1
Added Pin To Net: NetName=NetC5_2 Pin=C5-2
Added Pin To Net: NetName=NetC5_2 Pin=C6-2
Added Pin To Net: NetName=NetC5_2 Pin=R5-2
Added Pin To Net: NetName=NetC5_2 Pin=VR2-2
Added Net: Name=NetC5_2
Added Pin To Net: NetName=NetC6_1 Pin=C6-1
Added Pin To Net: NetName=NetC6_1 Pin=R4-1
Added Pin To Net: NetName=NetC6_1 Pin=VR2-3
Added Net: Name=NetC6_1
Added Pin To Net: NetName=NetC7_1 Pin=C7-1
Added Pin To Net: NetName=NetC7_1 Pin=Q2-3
Added Pin To Net: NetName=NetC7_1 Pin=R6-2
Added Net: Name=NetC7_1
Added Pin To Net: NetName=NetC7_2 Pin=C7-2
Added Pin To Net: NetName=NetC7_2 Pin=R5-1
Added Pin To Net: NetName=NetC7_2 Pin=VR1-2
Added Net: Name=NetC7_2
Added Pin To Net: NetName=NetC8_1 Pin=C8-1
Added Pin To Net: NetName=NetC8_1 Pin=Q2-2
Added Pin To Net: NetName=NetC8_1 Pin=R6-1
Added Pin To Net: NetName=NetC8_1 Pin=R7-2
Added Net: Name=NetC8_1
Added Pin To Net: NetName=NetC9_1 Pin=C9-1
Added Pin To Net: NetName=NetC9_1 Pin=R7-1
Added Pin To Net: NetName=NetC9_1 Pin=R9-1
Added Pin To Net: NetName=NetC9_1 Pin=R10-2
Added Net: Name=NetC9_1
Added Pin To Net: NetName=NetC10_1 Pin=C10-1
Added Pin To Net: NetName=NetC10_1 Pin=D2-2
Added Pin To Net: NetName=NetC10_1 Pin=QB2-1
Added Pin To Net: NetName=NetC10_1 Pin=R14-1
Added Pin To Net: NetName=NetC10_1 Pin=R16-1
Added Pin To Net: NetName=NetC10_1 Pin=VR3-2
Added Net: Name=NetC10_1
Added Pin To Net: NetName=NetC10_2 Pin=C10-2
Added Pin To Net: NetName=NetC10_2 Pin=Q3-1
Added Pin To Net: NetName=NetC10_2 Pin=R13-1
Added Net: Name=NetC10_2
Added Pin To Net: NetName=NetC11_1 Pin=C11-1
Added Pin To Net: NetName=NetC11_1 Pin=QB1-3
Added Pin To Net: NetName=NetC11_1 Pin=QB2-3
Added Pin To Net: NetName=NetC11_1 Pin=VR3-3
Added Net: Name=NetC11_1
Added Pin To Net: NetName=NetC11_2 Pin=C11-2
Added Pin To Net: NetName=NetC11_2 Pin=Vout-1
Added Net: Name=NetC11_2
Added Pin To Net: NetName=NetD1_1 Pin=D1-1
Added Pin To Net: NetName=NetD1_1 Pin=QB1-1
Added Pin To Net: NetName=NetD1_1 Pin=R15-2
Added Net: Name=NetD1_1
Added Pin To Net: NetName=NetD1_2 Pin=D1-2
Added Pin To Net: NetName=NetD1_2 Pin=D2-1
Added Net: Name=NetD1_2
Added Pin To Net: NetName=NetQ1_1 Pin=Q1-1
Added Pin To Net: NetName=NetQ1_1 Pin=R2-1
Added Net: Name=NetQ1_1
Added Pin To Net: NetName=NetQ2_1 Pin=Q2-1
Added Pin To Net: NetName=NetQ2_1 Pin=R8-1
Added Net: Name=NetQ2_1
Added Pin To Net: NetName=V1 Pin=C8-2
Added Pin To Net: NetName=V1 Pin=Q3-3
Added Pin To Net: NetName=V1 Pin=R11-2
Added Pin To Net: NetName=V1 Pin=R12-1
Added Net: Name=V1
Added Pin To Net: NetName=VCC Pin=Q3-2
Added Pin To Net: NetName=VCC Pin=QB1-2
Added Pin To Net: NetName=VCC Pin=R10-1
Added Pin To Net: NetName=VCC Pin=R11-1
Added Pin To Net: NetName=VCC Pin=R15-1
Added Pin To Net: NetName=VCC Pin=Vcc-1
Added Net: Name=VCC
Added Class: Name=Sche
Added Room: Name=Sche
