Added Component: Designator=C1(CA-ALU-10)
Added Component: Designator=C2(CA-ALU-10)
Added Component: Designator=C3(CA-ALU-10BL)
Added Component: Designator=Cx1(CN-SMD-0805)
Added Component: Designator=Cx2(CN-SMD-0805)
Added Component: Designator=Cx3(CN-SMD-0805)
Added Component: Designator=L(RES-SMD-0603)
Added Component: Designator=P1(DOMINO 2- 5mm)
Added Component: Designator=P2(DOMINO 2- 5mm)
Added Component: Designator=Q1(TO92-123)
Added Component: Designator=Q2(TO92-123)
Added Component: Designator=R1(RES-SMD-0805)
Added Component: Designator=R2(RES-SMD-0805)
Added Component: Designator=R3(RES-SMD-0805)
Added Component: Designator=R4(RES-SMD-0805)
Added Component: Designator=R5(RES-SMD-0805)
Added Component: Designator=R6(RES-SMD-0805)
Added Component: Designator=R7(RES-SMD-0805)
Added Component: Designator=R8(RES-SMD-0805)
Added Component: Designator=R9(RES-SMD-0805)
Added Pin To Net: NetName=GND Pin=C2-2
Added Pin To Net: NetName=GND Pin=Cx3-1
Added Pin To Net: NetName=GND Pin=P1-1
Added Pin To Net: NetName=GND Pin=P2-2
Added Pin To Net: NetName=GND Pin=R3-2
Added Pin To Net: NetName=GND Pin=R5-2
Added Pin To Net: NetName=GND Pin=R8-2
Added Pin To Net: NetName=GND Pin=R9-2
Added Net: Name=GND
Added Pin To Net: NetName=NetC1_1 Pin=C1-1
Added Pin To Net: NetName=NetC1_1 Pin=P1-2
Added Pin To Net: NetName=NetC1_1 Pin=R1-2
Added Net: Name=NetC1_1
Added Pin To Net: NetName=NetC1_2 Pin=C1-2
Added Pin To Net: NetName=NetC1_2 Pin=Q1-2
Added Pin To Net: NetName=NetC1_2 Pin=R2-2
Added Pin To Net: NetName=NetC1_2 Pin=R3-1
Added Net: Name=NetC1_2
Added Pin To Net: NetName=NetC2_1 Pin=C2-1
Added Pin To Net: NetName=NetC2_1 Pin=Q1-1
Added Pin To Net: NetName=NetC2_1 Pin=R5-1
Added Net: Name=NetC2_1
Added Pin To Net: NetName=NetC3_1 Pin=C3-1
Added Pin To Net: NetName=NetC3_1 Pin=Q1-3
Added Pin To Net: NetName=NetC3_1 Pin=R4-2
Added Net: Name=NetC3_1
Added Pin To Net: NetName=NetC3_2 Pin=C3-2
Added Pin To Net: NetName=NetC3_2 Pin=R6-1
Added Net: Name=NetC3_2
Added Pin To Net: NetName=NetCx1_1 Pin=Cx1-1
Added Pin To Net: NetName=NetCx1_1 Pin=Cx2-2
Added Pin To Net: NetName=NetCx1_1 Pin=L-2
Added Pin To Net: NetName=NetCx1_1 Pin=Q2-3
Added Net: Name=NetCx1_1
Added Pin To Net: NetName=NetCx2_1 Pin=Cx2-1
Added Pin To Net: NetName=NetCx2_1 Pin=Q2-1
Added Pin To Net: NetName=NetCx2_1 Pin=R9-1
Added Net: Name=NetCx2_1
Added Pin To Net: NetName=NetCx3_2 Pin=Cx3-2
Added Pin To Net: NetName=NetCx3_2 Pin=Q2-2
Added Pin To Net: NetName=NetCx3_2 Pin=R6-2
Added Pin To Net: NetName=NetCx3_2 Pin=R7-2
Added Pin To Net: NetName=NetCx3_2 Pin=R8-1
Added Net: Name=NetCx3_2
Added Pin To Net: NetName=VCC Pin=Cx1-2
Added Pin To Net: NetName=VCC Pin=L-1
Added Pin To Net: NetName=VCC Pin=P2-1
Added Pin To Net: NetName=VCC Pin=R1-1
Added Pin To Net: NetName=VCC Pin=R2-1
Added Pin To Net: NetName=VCC Pin=R4-1
Added Pin To Net: NetName=VCC Pin=R7-1
Added Net: Name=VCC
Added Class: Name=Sche
Added Room: Name=Sche
